npm verbose cli C:\Program Files\nodejs\node.exe C:\Users\DileepanSM\AppData\Roaming\npm\node_modules\npm\bin\npm-cli.js
npm info using npm@10.8.1
npm info using node@v22.2.0
npm verbose title npm install
npm verbose argv "install" "--legacy-peer-deps" "--loglevel" "verbose"
npm verbose logfile logs-max:10 dir:C:\Users\DileepanSM\AppData\Local\npm-cache\_logs\2024-06-24T06_19_38_371Z-
npm verbose logfile C:\Users\DileepanSM\AppData\Local\npm-cache\_logs\2024-06-24T06_19_38_371Z-debug-0.log
npm http fetch GET 200 https://registry.npmjs.org/browserstack-cypress-cli 18ms (cache hit)
npm http fetch GET 200 https://registry.npmjs.org/cypress 13ms (cache hit)
npm http fetch GET 200 https://registry.npmjs.org/chalk 35ms (cache hit)
npm http fetch GET 200 https://registry.npmjs.org/browserstack-local 39ms (cache hit)
npm http fetch GET 200 https://registry.npmjs.org/async 42ms (cache hit)
npm http fetch GET 200 https://registry.npmjs.org/fs-extra 44ms (cache hit)
npm http fetch GET 200 https://registry.npmjs.org/archiver 47ms (cache hit)
npm http fetch GET 200 https://registry.npmjs.org/git-repo-info 47ms (cache hit)
npm http fetch GET 200 https://registry.npmjs.org/cli-progress 50ms (cache hit)
npm http fetch GET 200 https://registry.npmjs.org/getmac 53ms (cache hit)
npm http fetch GET 200 https://registry.npmjs.org/gitconfiglocal 64ms (cache hit)
npm http fetch GET 200 https://registry.npmjs.org/git-last-commit 65ms (cache hit)
npm http fetch GET 200 https://registry.npmjs.org/glob 66ms (cache hit)
npm http fetch GET 200 https://registry.npmjs.org/requestretry 51ms (cache hit)
npm http fetch GET 200 https://registry.npmjs.org/mocha 70ms (cache hit)
npm http fetch GET 200 https://registry.npmjs.org/mkdirp 88ms (cache hit)
npm http fetch GET 200 https://registry.npmjs.org/request 85ms (cache hit)
npm http fetch GET 200 https://registry.npmjs.org/node-ipc 92ms (cache hit)
npm http fetch GET 200 https://registry.npmjs.org/table 88ms (cache hit)
npm http fetch GET 200 https://registry.npmjs.org/update-notifier 88ms (cache hit)
npm http fetch GET 200 https://registry.npmjs.org/uuid 79ms (cache hit)
npm http fetch GET 200 https://registry.npmjs.org/windows-release 83ms (cache hit)
npm http fetch GET 200 https://registry.npmjs.org/winston 84ms (cache hit)
npm http fetch GET 200 https://registry.npmjs.org/yargs 90ms (cache hit)
npm http fetch GET 200 https://registry.npmjs.org/decompress 85ms (cache hit)
npm http fetch GET 200 https://registry.npmjs.org/execa 53ms (cache hit)
npm http fetch GET 200 https://registry.npmjs.org/tmp 70ms (cache hit)
npm http fetch GET 200 https://registry.npmjs.org/arch 66ms (cache hit)
npm http fetch GET 200 https://registry.npmjs.org/debug 61ms (cache hit)
npm http fetch GET 200 https://registry.npmjs.org/dayjs 66ms (cache hit)
npm http fetch GET 200 https://registry.npmjs.org/is-ci 59ms (cache hit)
npm http fetch GET 200 https://registry.npmjs.org/getos 65ms (cache hit)
npm http fetch GET 200 https://registry.npmjs.org/yauzl 57ms (cache hit)
npm http fetch GET 200 https://registry.npmjs.org/buffer 56ms (cache hit)
npm http fetch GET 200 https://registry.npmjs.org/listr2 49ms (cache hit)
npm http fetch GET 200 https://registry.npmjs.org/lodash 51ms (cache hit)
npm http fetch GET 200 https://registry.npmjs.org/process 43ms (cache hit)
npm http fetch GET 200 https://registry.npmjs.org/semver 50ms (cache hit)
npm http fetch GET 200 https://registry.npmjs.org/ospath 53ms (cache hit)
npm http fetch GET 200 https://registry.npmjs.org/figures 52ms (cache hit)
npm http fetch GET 200 https://registry.npmjs.org/enquirer 47ms (cache hit)
npm http fetch GET 200 https://registry.npmjs.org/cachedir 51ms (cache hit)
npm http fetch GET 200 https://registry.npmjs.org/bluebird 53ms (cache hit)
npm http fetch GET 200 https://registry.npmjs.org/blob-util 40ms (cache hit)
npm http fetch GET 200 https://registry.npmjs.org/minimist 50ms (cache hit)
npm http fetch GET 200 https://registry.npmjs.org/lazy-ass 56ms (cache hit)
npm http fetch GET 200 https://registry.npmjs.org/untildify 35ms (cache hit)
npm http fetch GET 200 https://registry.npmjs.org/cli-table3 33ms (cache hit)
npm http fetch GET 200 https://registry.npmjs.org/commander 40ms (cache hit)
npm http fetch GET 200 https://registry.npmjs.org/cli-cursor 41ms (cache hit)
npm http fetch GET 200 https://registry.npmjs.org/executable 44ms (cache hit)
npm http fetch GET 200 https://registry.npmjs.org/log-symbols 38ms (cache hit)
npm http fetch GET 200 https://registry.npmjs.org/common-tags 50ms (cache hit)
npm http fetch GET 200 https://registry.npmjs.org/@cypress%2fxvfb 42ms (cache hit)
npm http fetch GET 200 https://registry.npmjs.org/extract-zip 53ms (cache hit)
npm http fetch GET 200 https://registry.npmjs.org/@types%2fsizzle 42ms (cache hit)
npm http fetch GET 200 https://registry.npmjs.org/pretty-bytes 47ms (cache hit)
npm http fetch GET 200 https://registry.npmjs.org/proxy-from-env 35ms (cache hit)
npm http fetch GET 200 https://registry.npmjs.org/eventemitter2 38ms (cache hit)
npm http fetch GET 200 https://registry.npmjs.org/supports-color 32ms (cache hit)
npm http fetch GET 200 https://registry.npmjs.org/@cypress%2frequest 33ms (cache hit)
npm http fetch GET 200 https://registry.npmjs.org/check-more-types 30ms (cache hit)
npm http fetch GET 200 https://registry.npmjs.org/@types%2fsinonjs__fake-timers 19ms (cache hit)
npm http fetch GET 200 https://registry.npmjs.org/is-installed-globally 21ms (cache hit)
npm http fetch GET 200 https://registry.npmjs.org/request-progress 30ms (cache hit)
npm http fetch GET 200 https://registry.npmjs.org/archiver-utils 38ms (cache hit)
npm http fetch GET 200 https://registry.npmjs.org/zip-stream 40ms (cache hit)
npm http fetch GET 200 https://registry.npmjs.org/is-running 42ms (cache hit)
npm http fetch GET 200 https://registry.npmjs.org/buffer-crc32 44ms (cache hit)
npm http fetch GET 200 https://registry.npmjs.org/readdir-glob 46ms (cache hit)
npm http fetch GET 200 https://registry.npmjs.org/ps-tree 46ms (cache hit)
npm http fetch GET 200 https://registry.npmjs.org/readable-stream 49ms (cache hit)
npm http fetch GET 200 https://registry.npmjs.org/https-proxy-agent 51ms (cache hit)
npm http fetch GET 200 https://registry.npmjs.org/agent-base 51ms (cache hit)
npm http fetch GET 200 https://registry.npmjs.org/tar-stream 53ms (cache hit)
npm http fetch GET 200 https://registry.npmjs.org/temp-fs 55ms (cache hit)
npm http fetch GET 200 https://registry.npmjs.org/decompress-tar 40ms (cache hit)
npm http fetch GET 200 https://registry.npmjs.org/ansi-styles 46ms (cache hit)
npm http fetch GET 200 https://registry.npmjs.org/string-width 45ms (cache hit)
npm http fetch GET 200 https://registry.npmjs.org/decompress-tarbz2 44ms (cache hit)
npm http fetch GET 200 https://registry.npmjs.org/decompress-targz 44ms (cache hit)
npm http fetch GET 200 https://registry.npmjs.org/make-dir 39ms (cache hit)
npm http fetch GET 200 https://registry.npmjs.org/decompress-unzip 45ms (cache hit)
npm http fetch GET 200 https://registry.npmjs.org/graceful-fs 43ms (cache hit)
npm http fetch GET 200 https://registry.npmjs.org/pify 44ms (cache hit)
npm http fetch GET 200 https://registry.npmjs.org/graceful-fs 43ms (cache hit)
npm http fetch GET 200 https://registry.npmjs.org/strip-dirs 45ms (cache hit)
npm http fetch GET 200 https://registry.npmjs.org/jsonfile 40ms (cache hit)
npm http fetch GET 200 https://registry.npmjs.org/universalify 39ms (cache hit)
npm http fetch GET 200 https://registry.npmjs.org/ini 37ms (cache hit)
npm http fetch GET 200 https://registry.npmjs.org/inflight 37ms (cache hit)
npm http fetch GET 200 https://registry.npmjs.org/minimatch 36ms (cache hit)
npm http fetch GET 200 https://registry.npmjs.org/once 42ms (cache hit)
npm http fetch GET 200 https://registry.npmjs.org/@types%2fnode 56ms (cache hit)
npm http fetch GET 200 https://registry.npmjs.org/inherits 106ms (cache hit)
npm http fetch GET 200 https://registry.npmjs.org/fs.realpath 103ms (cache hit)
npm http fetch GET 200 https://registry.npmjs.org/path-is-absolute 103ms (cache hit)
npm http fetch GET 200 https://registry.npmjs.org/ansi-colors 103ms (cache hit)
npm http fetch GET 200 https://registry.npmjs.org/browser-stdout 100ms (cache hit)
npm http fetch GET 200 https://registry.npmjs.org/diff 97ms (cache hit)
npm http fetch GET 200 https://registry.npmjs.org/find-up 94ms (cache hit)
npm http fetch GET 200 https://registry.npmjs.org/chokidar 102ms (cache hit)
npm http fetch GET 200 https://registry.npmjs.org/escape-string-regexp 102ms (cache hit)
npm http fetch GET 200 https://registry.npmjs.org/js-yaml 35ms (cache hit)
npm http fetch GET 200 https://registry.npmjs.org/ms 35ms (cache hit)
npm http fetch GET 200 https://registry.npmjs.org/he 103ms (cache hit)
npm http fetch GET 200 https://registry.npmjs.org/serialize-javascript 36ms (cache hit)
npm http fetch GET 200 https://registry.npmjs.org/strip-json-comments 36ms (cache hit)
npm http fetch GET 200 https://registry.npmjs.org/workerpool 36ms (cache hit)
npm http fetch GET 200 https://registry.npmjs.org/yargs-parser 45ms (cache hit)
npm http fetch GET 200 https://registry.npmjs.org/yargs-unparser 47ms (cache hit)
npm http fetch GET 200 https://registry.npmjs.org/event-pubsub 46ms (cache hit)
npm http fetch GET 200 https://registry.npmjs.org/yargs 53ms (cache hit)
npm http fetch GET 200 https://registry.npmjs.org/js-queue 51ms (cache hit)
npm http fetch GET 200 https://registry.npmjs.org/js-message 55ms (cache hit)
npm http fetch GET 200 https://registry.npmjs.org/aws4 50ms (cache hit)
npm http fetch GET 200 https://registry.npmjs.org/aws-sign2 54ms (cache hit)
npm http fetch GET 200 https://registry.npmjs.org/combined-stream 52ms (cache hit)
npm http fetch GET 200 https://registry.npmjs.org/caseless 54ms (cache hit)
npm http fetch GET 200 https://registry.npmjs.org/extend 50ms (cache hit)
npm http fetch GET 200 https://registry.npmjs.org/forever-agent 43ms (cache hit)
npm http fetch GET 200 https://registry.npmjs.org/har-validator 42ms (cache hit)
npm http fetch GET 200 https://registry.npmjs.org/http-signature 38ms (cache hit)
npm http fetch GET 200 https://registry.npmjs.org/form-data 48ms (cache hit)
npm http fetch GET 200 https://registry.npmjs.org/json-stringify-safe 39ms (cache hit)
npm http fetch GET 200 https://registry.npmjs.org/isstream 42ms (cache hit)
npm http fetch GET 200 https://registry.npmjs.org/is-typedarray 44ms (cache hit)
npm http fetch GET 200 https://registry.npmjs.org/oauth-sign 40ms (cache hit)
npm http fetch GET 200 https://registry.npmjs.org/mime-types 41ms (cache hit)
npm http fetch GET 200 https://registry.npmjs.org/performance-now 41ms (cache hit)
npm http fetch GET 200 https://registry.npmjs.org/qs 41ms (cache hit)
npm http fetch GET 200 https://registry.npmjs.org/safe-buffer 42ms (cache hit)
npm http fetch GET 200 https://registry.npmjs.org/tough-cookie 42ms (cache hit)
npm http fetch GET 200 https://registry.npmjs.org/tunnel-agent 42ms (cache hit)
npm http fetch GET 200 https://registry.npmjs.org/slice-ansi 37ms (cache hit)
npm http fetch GET 200 https://registry.npmjs.org/import-lazy 34ms (cache hit)
npm http fetch GET 200 https://registry.npmjs.org/configstore 38ms (cache hit)
npm http fetch GET 200 https://registry.npmjs.org/ajv 46ms (cache hit)
npm http fetch GET 200 https://registry.npmjs.org/is-yarn-global 53ms (cache hit)
npm http fetch GET 200 https://registry.npmjs.org/has-yarn 60ms (cache hit)
npm http fetch GET 200 https://registry.npmjs.org/boxen 62ms (cache hit)
npm http fetch GET 200 https://registry.npmjs.org/is-npm 62ms (cache hit)
npm http fetch GET 200 https://registry.npmjs.org/semver-diff 53ms (cache hit)
npm http fetch GET 200 https://registry.npmjs.org/pupa 55ms (cache hit)
npm http fetch GET 200 https://registry.npmjs.org/latest-version 59ms (cache hit)
npm http fetch GET 200 https://registry.npmjs.org/xdg-basedir 55ms (cache hit)
npm http fetch GET 200 https://registry.npmjs.org/eyes 38ms (cache hit)
npm http fetch GET 200 https://registry.npmjs.org/colors 61ms (cache hit)
npm http fetch GET 200 https://registry.npmjs.org/stack-trace 40ms (cache hit)
npm http fetch GET 200 https://registry.npmjs.org/cycle 63ms (cache hit)
npm http fetch GET 200 https://registry.npmjs.org/decamelize 39ms (cache hit)
npm http fetch GET 200 https://registry.npmjs.org/get-caller-file 38ms (cache hit)
npm http fetch GET 200 https://registry.npmjs.org/cliui 42ms (cache hit)
npm http fetch GET 200 https://registry.npmjs.org/require-main-filename 28ms (cache hit)
npm http fetch GET 200 https://registry.npmjs.org/set-blocking 28ms (cache hit)
npm http fetch GET 200 https://registry.npmjs.org/which-module 28ms (cache hit)
npm http fetch GET 200 https://registry.npmjs.org/require-directory 31ms (cache hit)
npm http fetch GET 200 https://registry.npmjs.org/y18n 23ms (cache hit)
npm http fetch GET 200 https://registry.npmjs.org/lodash.difference 39ms (cache hit)
npm http fetch GET 200 https://registry.npmjs.org/normalize-path 39ms (cache hit)
npm http fetch GET 200 https://registry.npmjs.org/lodash.flatten 42ms (cache hit)
npm http fetch GET 200 https://registry.npmjs.org/lodash.union 42ms (cache hit)
npm http fetch GET 200 https://registry.npmjs.org/string_decoder 42ms (cache hit)
npm http fetch GET 200 https://registry.npmjs.org/util-deprecate 43ms (cache hit)
npm http fetch GET 200 https://registry.npmjs.org/lodash.defaults 45ms (cache hit)
npm http fetch GET 200 https://registry.npmjs.org/lodash.isplainobject 46ms (cache hit)
npm http fetch GET 200 https://registry.npmjs.org/end-of-stream 44ms (cache hit)
npm http fetch GET 200 https://registry.npmjs.org/bl 45ms (cache hit)
npm http fetch GET 200 https://registry.npmjs.org/lazystream 48ms (cache hit)
npm http fetch GET 200 https://registry.npmjs.org/fs-constants 18ms (cache hit)
npm http fetch GET 200 https://registry.npmjs.org/compress-commons 18ms (cache hit)
npm http fetch GET 200 https://registry.npmjs.org/process-nextick-args 14ms (cache hit)
npm http fetch GET 200 https://registry.npmjs.org/isarray 15ms (cache hit)
npm http fetch GET 200 https://registry.npmjs.org/core-util-is 16ms (cache hit)
npm http fetch GET 200 https://registry.npmjs.org/rimraf 10ms (cache hit)
npm http fetch GET 200 https://registry.npmjs.org/event-stream 12ms (cache hit)
npm http fetch GET 200 https://registry.npmjs.org/has-flag 11ms (cache hit)
npm http fetch GET 200 https://registry.npmjs.org/color-convert 11ms (cache hit)
npm http fetch GET 200 https://registry.npmjs.org/color-name 10ms (cache hit)
npm http fetch GET 200 https://registry.npmjs.org/is-fullwidth-code-point 13ms (cache hit)
npm http fetch GET 200 https://registry.npmjs.org/strip-ansi 14ms (cache hit)
npm http fetch GET 200 https://registry.npmjs.org/emoji-regex 14ms (cache hit)
npm http fetch GET 200 https://registry.npmjs.org/base64-js 33ms (cache hit)
npm http fetch GET 200 https://registry.npmjs.org/@colors%2fcolors 34ms (cache hit)
npm http fetch GET 200 https://registry.npmjs.org/restore-cursor 35ms (cache hit)
npm http fetch GET 200 https://registry.npmjs.org/cross-spawn 35ms (cache hit)
npm http fetch GET 200 https://registry.npmjs.org/lodash.once 39ms (cache hit)
npm http fetch GET 200 https://registry.npmjs.org/merge-stream 38ms (cache hit)
npm http fetch GET 200 https://registry.npmjs.org/ieee754 41ms (cache hit)
npm http fetch GET 200 https://registry.npmjs.org/onetime 46ms (cache hit)
npm http fetch GET 200 https://registry.npmjs.org/is-stream 49ms (cache hit)
npm http fetch GET 200 https://registry.npmjs.org/signal-exit 50ms (cache hit)
npm http fetch GET 200 https://registry.npmjs.org/get-stream 51ms (cache hit)
npm http fetch GET 200 https://registry.npmjs.org/human-signals 37ms (cache hit)
npm http fetch GET 200 https://registry.npmjs.org/strip-final-newline 38ms (cache hit)
npm http fetch GET 200 https://registry.npmjs.org/npm-run-path 41ms (cache hit)
npm http fetch GET 200 https://registry.npmjs.org/get-stream 39ms (cache hit)
npm http fetch GET 200 https://registry.npmjs.org/@types%2fyauzl 40ms (cache hit)
npm http fetch GET 200 https://registry.npmjs.org/ci-info 35ms (cache hit)
npm http fetch GET 200 https://registry.npmjs.org/at-least-node 41ms (cache hit)
npm http fetch GET 200 https://registry.npmjs.org/rfdc 30ms (cache hit)
npm http fetch GET 200 https://registry.npmjs.org/is-path-inside 35ms (cache hit)
npm http fetch GET 200 https://registry.npmjs.org/global-dirs 38ms (cache hit)
npm http fetch GET 200 https://registry.npmjs.org/rxjs 36ms (cache hit)
npm http fetch GET 200 https://registry.npmjs.org/p-map 45ms (cache hit)
npm http fetch GET 200 https://registry.npmjs.org/through 45ms (cache hit)
npm http fetch GET 200 https://registry.npmjs.org/wrap-ansi 41ms (cache hit)
npm http fetch GET 200 https://registry.npmjs.org/log-update 42ms (cache hit)
npm http fetch GET 200 https://registry.npmjs.org/colorette 45ms (cache hit)
npm http fetch GET 200 https://registry.npmjs.org/cli-truncate 41ms (cache hit)
npm http fetch GET 200 https://registry.npmjs.org/fd-slicer 36ms (cache hit)
npm http fetch GET 200 https://registry.npmjs.org/is-unicode-supported 42ms (cache hit)
npm http fetch GET 200 https://registry.npmjs.org/throttleit 41ms (cache hit)
npm http fetch GET 200 https://registry.npmjs.org/side-channel 29ms (cache hit)
npm http fetch GET 200 https://registry.npmjs.org/jsprim 30ms (cache hit)
npm http fetch GET 200 https://registry.npmjs.org/sshpk 31ms (cache hit)
npm http fetch GET 200 https://registry.npmjs.org/delayed-stream 33ms (cache hit)
npm http fetch GET 200 https://registry.npmjs.org/mime-db 33ms (cache hit)
npm http fetch GET 200 https://registry.npmjs.org/asynckit 35ms (cache hit)
npm http fetch GET 200 https://registry.npmjs.org/assert-plus 36ms (cache hit)
npm http fetch GET 200 https://registry.npmjs.org/psl 36ms (cache hit)
npm http fetch GET 200 https://registry.npmjs.org/punycode 37ms (cache hit)
npm http fetch GET 200 https://registry.npmjs.org/url-parse 37ms (cache hit)
npm http fetch GET 200 https://registry.npmjs.org/seek-bzip 22ms (cache hit)
npm http fetch GET 200 https://registry.npmjs.org/file-type 25ms (cache hit)
npm http fetch GET 200 https://registry.npmjs.org/unbzip2-stream 27ms (cache hit)
npm http fetch GET 200 https://registry.npmjs.org/file-type 29ms (cache hit)
npm http fetch GET 200 https://registry.npmjs.org/is-natural-number 30ms (cache hit)
npm http fetch GET 200 https://registry.npmjs.org/file-type 33ms (cache hit)
npm http fetch GET 200 https://registry.npmjs.org/file-type 35ms (cache hit)
npm http fetch GET 200 https://registry.npmjs.org/xtend 12ms (cache hit)
npm http fetch GET 200 https://registry.npmjs.org/to-buffer 13ms (cache hit)
npm http fetch GET 200 https://registry.npmjs.org/buffer-alloc 15ms (cache hit)
npm http fetch GET 200 https://registry.npmjs.org/pinkie-promise 12ms (cache hit)
npm http fetch GET 200 https://registry.npmjs.org/object-assign 13ms (cache hit)
npm http fetch GET 200 https://registry.npmjs.org/ansi-regex 11ms (cache hit)
npm http fetch GET 200 https://registry.npmjs.org/path-key 23ms (cache hit)
npm http fetch GET 200 https://registry.npmjs.org/mimic-fn 24ms (cache hit)
npm http fetch GET 200 https://registry.npmjs.org/which 26ms (cache hit)
npm http fetch GET 200 https://registry.npmjs.org/pump 29ms (cache hit)
npm http fetch GET 200 https://registry.npmjs.org/shebang-command 31ms (cache hit)
npm http fetch GET 200 https://registry.npmjs.org/path-key 30ms (cache hit)
npm http fetch GET 200 https://registry.npmjs.org/isexe 11ms (cache hit)
npm http fetch GET 200 https://registry.npmjs.org/shebang-regex 12ms (cache hit)
npm http fetch GET 200 https://registry.npmjs.org/@types%2fnode 26ms (cache hit)
npm http fetch GET 200 https://registry.npmjs.org/undici-types 12ms (cache hit)
npm http fetch GET 200 https://registry.npmjs.org/pinkie 13ms (cache hit)
npm http fetch GET 200 https://registry.npmjs.org/brace-expansion 15ms (cache hit)
npm http fetch GET 200 https://registry.npmjs.org/wrappy 17ms (cache hit)
npm http fetch GET 200 https://registry.npmjs.org/wrappy 18ms (cache hit)
npm http fetch GET 200 https://registry.npmjs.org/asn1 41ms (cache hit)
npm http fetch GET 200 https://registry.npmjs.org/jsbn 44ms (cache hit)
npm http fetch GET 200 https://registry.npmjs.org/extsprintf 47ms (cache hit)
npm http fetch GET 200 https://registry.npmjs.org/safer-buffer 47ms (cache hit)
npm http fetch GET 200 https://registry.npmjs.org/getpass 48ms (cache hit)
npm http fetch GET 200 https://registry.npmjs.org/bcrypt-pbkdf 50ms (cache hit)
npm http fetch GET 200 https://registry.npmjs.org/verror 51ms (cache hit)
npm http fetch GET 200 https://registry.npmjs.org/json-schema 52ms (cache hit)
npm http fetch GET 200 https://registry.npmjs.org/ecc-jsbn 52ms (cache hit)
npm http fetch GET 200 https://registry.npmjs.org/dashdash 53ms (cache hit)
npm http fetch GET 200 https://registry.npmjs.org/tweetnacl 53ms (cache hit)
npm http fetch GET 200 https://registry.npmjs.org/ansi-escapes 15ms (cache hit)
npm http fetch GET 200 https://registry.npmjs.org/tslib 16ms (cache hit)
npm http fetch GET 200 https://registry.npmjs.org/aggregate-error 17ms (cache hit)
npm http fetch GET 200 https://registry.npmjs.org/astral-regex 9ms (cache hit)
npm http fetch GET 200 https://registry.npmjs.org/type-fest 10ms (cache hit)
npm http fetch GET 200 https://registry.npmjs.org/concat-map 11ms (cache hit)
npm http fetch GET 200 https://registry.npmjs.org/balanced-match 12ms (cache hit)
npm http fetch GET 200 https://registry.npmjs.org/anymatch 38ms (cache hit)
npm http fetch GET 200 https://registry.npmjs.org/glob-parent 38ms (cache hit)
npm http fetch GET 200 https://registry.npmjs.org/fsevents 40ms (cache hit)
npm http fetch GET 200 https://registry.npmjs.org/is-glob 42ms (cache hit)
npm http fetch GET 200 https://registry.npmjs.org/path-exists 42ms (cache hit)
npm http fetch GET 200 https://registry.npmjs.org/readdirp 44ms (cache hit)
npm http fetch GET 200 https://registry.npmjs.org/locate-path 46ms (cache hit)
npm http fetch GET 200 https://registry.npmjs.org/braces 46ms (cache hit)
npm http fetch GET 200 https://registry.npmjs.org/randombytes 46ms (cache hit)
npm http fetch GET 200 https://registry.npmjs.org/argparse 47ms (cache hit)
npm http fetch GET 200 https://registry.npmjs.org/is-binary-path 49ms (cache hit)
npm http fetch GET 200 https://registry.npmjs.org/camelcase 20ms (cache hit)
npm http fetch GET 200 https://registry.npmjs.org/is-plain-obj 19ms (cache hit)
npm http fetch GET 200 https://registry.npmjs.org/flat 20ms (cache hit)
npm http fetch GET 200 https://registry.npmjs.org/escalade 26ms (cache hit)
npm http fetch GET 200 https://registry.npmjs.org/picomatch 18ms (cache hit)
npm http fetch GET 200 https://registry.npmjs.org/fill-range 21ms (cache hit)
npm http fetch GET 200 https://registry.npmjs.org/picomatch 22ms (cache hit)
npm http fetch GET 200 https://registry.npmjs.org/binary-extensions 23ms (cache hit)
npm http fetch GET 200 https://registry.npmjs.org/is-extglob 24ms (cache hit)
npm http fetch GET 200 https://registry.npmjs.org/to-regex-range 10ms (cache hit)
npm http fetch GET 200 https://registry.npmjs.org/is-number 11ms (cache hit)
npm http fetch GET 200 https://registry.npmjs.org/p-locate 13ms (cache hit)
npm http fetch GET 200 https://registry.npmjs.org/p-limit 11ms (cache hit)
npm http fetch GET 200 https://registry.npmjs.org/easy-stack 12ms (cache hit)
npm http fetch GET 200 https://registry.npmjs.org/yocto-queue 10ms (cache hit)
npm http fetch GET 200 https://registry.npmjs.org/clean-stack 13ms (cache hit)
npm http fetch GET 200 https://registry.npmjs.org/indent-string 14ms (cache hit)
npm http fetch GET 200 https://registry.npmjs.org/pause-stream 19ms (cache hit)
npm http fetch GET 200 https://registry.npmjs.org/from 20ms (cache hit)
npm http fetch GET 200 https://registry.npmjs.org/duplexer 22ms (cache hit)
npm http fetch GET 200 https://registry.npmjs.org/map-stream 21ms (cache hit)
npm http fetch GET 200 https://registry.npmjs.org/split 22ms (cache hit)
npm http fetch GET 200 https://registry.npmjs.org/stream-combiner 23ms (cache hit)
npm http fetch GET 200 https://registry.npmjs.org/call-bind 14ms (cache hit)
npm http fetch GET 200 https://registry.npmjs.org/es-errors 16ms (cache hit)
npm http fetch GET 200 https://registry.npmjs.org/object-inspect 17ms (cache hit)
npm http fetch GET 200 https://registry.npmjs.org/get-intrinsic 18ms (cache hit)
npm http fetch GET 200 https://registry.npmjs.org/har-schema 15ms (cache hit)
npm http fetch GET 200 https://registry.npmjs.org/ajv 17ms (cache hit)
npm http fetch GET 200 https://registry.npmjs.org/json-schema-traverse 16ms (cache hit)
npm http fetch GET 200 https://registry.npmjs.org/fast-json-stable-stringify 17ms (cache hit)
npm http fetch GET 200 https://registry.npmjs.org/fast-deep-equal 17ms (cache hit)
npm http fetch GET 200 https://registry.npmjs.org/uri-js 18ms (cache hit)
npm http fetch GET 200 https://registry.npmjs.org/set-function-length 19ms (cache hit)
npm http fetch GET 200 https://registry.npmjs.org/es-define-property 20ms (cache hit)
npm http fetch GET 200 https://registry.npmjs.org/function-bind 21ms (cache hit)
npm http fetch GET 200 https://registry.npmjs.org/function-bind 23ms (cache hit)
npm http fetch GET 200 https://registry.npmjs.org/hasown 24ms (cache hit)
npm http fetch GET 200 https://registry.npmjs.org/has-proto 24ms (cache hit)
npm http fetch GET 200 https://registry.npmjs.org/has-symbols 24ms (cache hit)
npm http fetch GET 200 https://registry.npmjs.org/gopd 15ms (cache hit)
npm http fetch GET 200 https://registry.npmjs.org/has-property-descriptors 16ms (cache hit)
npm http fetch GET 200 https://registry.npmjs.org/define-data-property 18ms (cache hit)
npm http fetch GET 200 https://registry.npmjs.org/querystringify 10ms (cache hit)
npm http fetch GET 200 https://registry.npmjs.org/requires-port 11ms (cache hit)
npm http fetch GET 200 https://registry.npmjs.org/unique-string 33ms (cache hit)
npm http fetch GET 200 https://registry.npmjs.org/cli-boxes 35ms (cache hit)
npm http fetch GET 200 https://registry.npmjs.org/widest-line 36ms (cache hit)
npm http fetch GET 200 https://registry.npmjs.org/ansi-align 37ms (cache hit)
npm http fetch GET 200 https://registry.npmjs.org/write-file-atomic 38ms (cache hit)
npm http fetch GET 200 https://registry.npmjs.org/escape-goat 38ms (cache hit)
npm http fetch GET 200 https://registry.npmjs.org/dot-prop 41ms (cache hit)
npm http fetch GET 200 https://registry.npmjs.org/package-json 40ms (cache hit)
npm http fetch GET 200 https://registry.npmjs.org/is-obj 11ms (cache hit)
npm http fetch GET 200 https://registry.npmjs.org/imurmurhash 12ms (cache hit)
npm http fetch GET 200 https://registry.npmjs.org/typedarray-to-buffer 12ms (cache hit)
npm http fetch GET 200 https://registry.npmjs.org/crypto-random-string 14ms (cache hit)
npm http fetch GET 200 https://registry.npmjs.org/registry-url 13ms (cache hit)
npm http fetch GET 200 https://registry.npmjs.org/got 15ms (cache hit)
npm http fetch GET 200 https://registry.npmjs.org/registry-auth-token 23ms (cache hit)
npm http fetch GET 200 https://registry.npmjs.org/p-cancelable 44ms (cache hit)
npm http fetch GET 200 https://registry.npmjs.org/duplexer3 45ms (cache hit)
npm http fetch GET 200 https://registry.npmjs.org/mimic-response 46ms (cache hit)
npm http fetch GET 200 https://registry.npmjs.org/url-parse-lax 46ms (cache hit)
npm http fetch GET 200 https://registry.npmjs.org/decompress-response 46ms (cache hit)
npm http fetch GET 200 https://registry.npmjs.org/cacheable-request 47ms (cache hit)
npm http fetch GET 200 https://registry.npmjs.org/lowercase-keys 50ms (cache hit)
npm http fetch GET 200 https://registry.npmjs.org/@sindresorhus%2fis 51ms (cache hit)
npm http fetch GET 200 https://registry.npmjs.org/@szmarczak%2fhttp-timer 52ms (cache hit)
npm http fetch GET 200 https://registry.npmjs.org/to-readable-stream 54ms (cache hit)
npm http fetch GET 200 https://registry.npmjs.org/rc 53ms (cache hit)
npm http fetch GET 200 https://registry.npmjs.org/rc 19ms (cache hit)
npm http fetch GET 200 https://registry.npmjs.org/http-cache-semantics 16ms (cache hit)
npm http fetch GET 200 https://registry.npmjs.org/defer-to-connect 18ms (cache hit)
npm http fetch GET 200 https://registry.npmjs.org/keyv 18ms (cache hit)
npm http fetch GET 200 https://registry.npmjs.org/clone-response 21ms (cache hit)
npm http fetch GET 200 https://registry.npmjs.org/responselike 21ms (cache hit)
npm http fetch GET 200 https://registry.npmjs.org/prepend-http 21ms (cache hit)
npm http fetch GET 200 https://registry.npmjs.org/normalize-url 22ms (cache hit)
npm http fetch GET 200 https://registry.npmjs.org/json-buffer 10ms (cache hit)
npm http fetch GET 200 https://registry.npmjs.org/deep-extend 10ms (cache hit)
npm http fetch GET 200 https://registry.npmjs.org/pend 11ms (cache hit)
npm http fetch GET 200 https://registry.npmjs.org/crc32-stream 11ms (cache hit)
npm http fetch GET 200 https://registry.npmjs.org/crc-32 9ms (cache hit)
npm http fetch GET 200 https://registry.npmjs.org/buffer-alloc-unsafe 12ms (cache hit)
npm http fetch GET 200 https://registry.npmjs.org/buffer-fill 13ms (cache hit)
npm http fetch GET 200 https://registry.npmjs.org/p-try 14ms (cache hit)
npm verbose reify failed optional dependency C:\Automation\Cypress_Automation\tmpBstackPackages\node_modules\fsevents
npm http fetch POST 200 https://registry.npmjs.org/-/npm/v1/security/advisories/bulk 1589ms
npm warn deprecated inflight@1.0.6: This module is not supported, and leaks memory. Do not use it. Check out lru-cache if you want a good and tested way to coalesce async requests by a key value, which is much more comprehensive and powerful.
npm warn deprecated rimraf@2.5.4: Rimraf versions prior to v4 are no longer supported
npm http fetch GET 200 https://registry.npmjs.org/got 4061ms (cache hit)
npm http fetch GET 200 https://registry.npmjs.org/request 4069ms (cache hit)
npm http fetch GET 200 https://registry.npmjs.org/tough-cookie 4073ms (cache hit)
npm warn deprecated har-validator@5.1.5: this library is no longer supported
npm warn deprecated glob@7.2.3: Glob versions prior to v9 are no longer supported
npm warn deprecated glob@8.1.0: Glob versions prior to v9 are no longer supported
npm http fetch GET 200 https://registry.npmjs.org/browserstack-cypress-cli 1573ms (cache hit)
npm http fetch GET 200 https://registry.npmjs.org/package-json 727ms (cache hit)
npm warn deprecated uuid@3.4.0: Please upgrade  to version 7 or higher.  Older versions may use Math.random() in certain circumstances, which is known to be problematic.  See https://v8.dev/blog/math-random for details.
npm warn deprecated request@2.88.2: request has been deprecated, see https://github.com/request/request/issues/3142
npm http fetch GET 200 https://registry.npmjs.org/latest-version 467ms (cache hit)
npm http fetch GET 200 https://registry.npmjs.org/update-notifier 398ms (cache hit)
npm info run cypress@13.12.0 postinstall node_modules/cypress node index.js --exec install
npm info run cypress@13.12.0 postinstall { code: 0, signal: null }

added 448 packages, and audited 449 packages in 33s

66 packages are looking for funding
  run `npm fund` for details

7 moderate severity vulnerabilities

To address all issues (including breaking changes), run:
  npm audit fix --force

Run `npm audit` for details.
npm verbose cwd C:\Automation\Cypress_Automation\tmpBstackPackages
npm verbose os Windows_NT 10.0.22631
npm verbose node v22.2.0
npm verbose npm  v10.8.1
npm verbose exit 0
npm info ok
